<?xml version="1.0" encoding="UTF-8"?>
<!-- Generated by org.testng.reporters.JUnitXMLReporter -->
<testsuite hostname="DESKTOP-ADC5SDR" ignored="2" name="Default test" tests="2" failures="0" timestamp="10 Mar 2019 03:28:39 GMT" time="147.096" errors="0">
  <testcase name="VerifyPageHomePageTitle" time="0.736" classname="com.actitime.testScript.LoginPageTest"/>
  <testcase name="corporateNameEditDropDown" time="8.563" classname="com.actitime.testScript.HomPageTest"/>
  <testcase name="@AfterSuite configAS" time="0.0" classname="com.acttime.generic.lib.BaseClass">
    <ignored/>
  </testcase> <!-- @AfterSuite configAS -->
  <testcase name="@BeforeSuite configBS" time="0.0" classname="com.acttime.generic.lib.BaseClass">
    <ignored/>
  </testcase> <!-- @BeforeSuite configBS -->
</testsuite> <!-- Default test -->
