<?xml version="1.0" encoding="UTF-8"?>
<!-- Generated by org.testng.reporters.JUnitXMLReporter -->
<testsuite hostname="DESKTOP-ADC5SDR" ignored="4" name="Test" tests="3" failures="0" timestamp="26 Mar 2019 01:34:50 GMT" time="147.22" errors="0">
  <testcase name="corporateNameEditDropDown" time="29.11" classname="com.SpaSelenium.testScript.HomPageTest"/>
  <testcase name="organizationPageShouldDisplyed" time="12.093" classname="com.SpaSelenium.testScript.organizationPage"/>
  <testcase name="VerifyPageHomePageTitle" time="0.21" classname="com.SpaSelenium.testScript.LoginPageTest"/>
  <testcase name="@AfterSuite configAS" time="0.0" classname="com.SpaSelenium.generic.lib.BaseClass">
    <ignored/>
  </testcase> <!-- @AfterSuite configAS -->
  <testcase name="@AfterSuite configAS" time="0.0" classname="com.SpaSelenium.generic.lib.BaseClass">
    <ignored/>
  </testcase> <!-- @AfterSuite configAS -->
  <testcase name="@BeforeSuite configBS" time="0.0" classname="com.SpaSelenium.generic.lib.BaseClass">
    <ignored/>
  </testcase> <!-- @BeforeSuite configBS -->
  <testcase name="@BeforeSuite configBS" time="0.0" classname="com.SpaSelenium.generic.lib.BaseClass">
    <ignored/>
  </testcase> <!-- @BeforeSuite configBS -->
</testsuite> <!-- Test -->
