<?xml version="1.0" encoding="UTF-8"?>
<testng-results skipped="0" failed="0" ignored="4" total="7" passed="3">
  <reporter-output>
    <line>
      <![CDATA[To Connected to DataBase]]>
    </line>
    <line>
      <![CDATA[Get a Url]]>
    </line>
    <line>
      <![CDATA[Create WebDriverWiat it will wait for Visiable of Element]]>
    </line>
    <line>
      <![CDATA[Identify the Element in GUI and Stored WebElment ]]>
    </line>
    <line>
      <![CDATA[Create Selecte Class and pass the WebElemnt reffence]]>
    </line>
    <line>
      <![CDATA[Take Help of Select class reffence by using selectByIndex]]>
    </line>
    <line>
      <![CDATA[click on the logout button]]>
    </line>
    <line>
      <![CDATA[Close the browser]]>
    </line>
    <line>
      <![CDATA[Get a Url]]>
    </line>
    <line>
      <![CDATA[Create WebDriverWiat it will wait for Visiable of Element]]>
    </line>
    <line>
      <![CDATA[click on the logout button]]>
    </line>
    <line>
      <![CDATA[Close the browser]]>
    </line>
    <line>
      <![CDATA[Get a Url]]>
    </line>
    <line>
      <![CDATA[Create WebDriverWiat it will wait for Visiable of Element]]>
    </line>
    <line>
      <![CDATA[Get the Title frome HomePage ]]>
    </line>
    <line>
      <![CDATA[To compare to ActualResult and ExpectedResult in Homepaga]]>
    </line>
    <line>
      <![CDATA[click on the logout button]]>
    </line>
    <line>
      <![CDATA[Close the browser]]>
    </line>
    <line>
      <![CDATA[Disconnected to Data Base]]>
    </line>
  </reporter-output>
  <suite name="Suite" duration-ms="147220" started-at="2019-03-26T01:32:23Z" finished-at="2019-03-26T01:34:50Z">
    <groups>
    </groups>
    <test name="Test" duration-ms="147220" started-at="2019-03-26T01:32:23Z" finished-at="2019-03-26T01:34:50Z">
      <class name="com.SpaSelenium.testScript.organizationPage">
        <test-method status="PASS" signature="LunchBrowser()[pri:0, instance:com.SpaSelenium.testScript.organizationPage@77cd7a0]" name="LunchBrowser" is-config="true" duration-ms="14640" started-at="2019-03-26T01:33:38Z" finished-at="2019-03-26T01:33:52Z">
          <reporter-output>
            <line>
              <![CDATA[Get a Url]]>
            </line>
          </reporter-output>
        </test-method> <!-- LunchBrowser -->
        <test-method status="PASS" signature="preCondition()[pri:0, instance:com.SpaSelenium.testScript.organizationPage@77cd7a0]" name="preCondition" is-config="true" duration-ms="7001" started-at="2019-03-26T01:33:52Z" finished-at="2019-03-26T01:33:59Z">
          <reporter-output>
            <line>
              <![CDATA[Create WebDriverWiat it will wait for Visiable of Element]]>
            </line>
          </reporter-output>
        </test-method> <!-- preCondition -->
        <test-method status="PASS" signature="organizationPageShouldDisplyed()[pri:0, instance:com.SpaSelenium.testScript.organizationPage@77cd7a0]" name="organizationPageShouldDisplyed" duration-ms="12093" started-at="2019-03-26T01:33:59Z" finished-at="2019-03-26T01:34:11Z">
          <reporter-output>
          </reporter-output>
        </test-method> <!-- organizationPageShouldDisplyed -->
        <test-method status="PASS" signature="postCondition()[pri:0, instance:com.SpaSelenium.testScript.organizationPage@77cd7a0]" name="postCondition" is-config="true" duration-ms="1141" started-at="2019-03-26T01:34:11Z" finished-at="2019-03-26T01:34:13Z">
          <reporter-output>
            <line>
              <![CDATA[click on the logout button]]>
            </line>
          </reporter-output>
        </test-method> <!-- postCondition -->
        <test-method status="PASS" signature="closeToBrowser()[pri:0, instance:com.SpaSelenium.testScript.organizationPage@77cd7a0]" name="closeToBrowser" is-config="true" duration-ms="3363" started-at="2019-03-26T01:34:13Z" finished-at="2019-03-26T01:34:16Z">
          <reporter-output>
            <line>
              <![CDATA[Close the browser]]>
            </line>
          </reporter-output>
        </test-method> <!-- closeToBrowser -->
      </class> <!-- com.SpaSelenium.testScript.organizationPage -->
      <class name="com.SpaSelenium.testScript.HomPageTest">
        <test-method status="PASS" signature="configBS()[pri:0, instance:com.SpaSelenium.testScript.HomPageTest@4667ae56]" name="configBS" is-config="true" duration-ms="52" started-at="2019-03-26T01:32:23Z" finished-at="2019-03-26T01:32:23Z">
          <reporter-output>
            <line>
              <![CDATA[To Connected to DataBase]]>
            </line>
          </reporter-output>
        </test-method> <!-- configBS -->
        <test-method status="PASS" signature="LunchBrowser()[pri:0, instance:com.SpaSelenium.testScript.HomPageTest@4667ae56]" name="LunchBrowser" is-config="true" duration-ms="34315" started-at="2019-03-26T01:32:23Z" finished-at="2019-03-26T01:32:57Z">
          <reporter-output>
            <line>
              <![CDATA[Get a Url]]>
            </line>
          </reporter-output>
        </test-method> <!-- LunchBrowser -->
        <test-method status="PASS" signature="preCondition()[pri:0, instance:com.SpaSelenium.testScript.HomPageTest@4667ae56]" name="preCondition" is-config="true" duration-ms="6443" started-at="2019-03-26T01:32:57Z" finished-at="2019-03-26T01:33:04Z">
          <reporter-output>
            <line>
              <![CDATA[Create WebDriverWiat it will wait for Visiable of Element]]>
            </line>
          </reporter-output>
        </test-method> <!-- preCondition -->
        <test-method status="PASS" signature="corporateNameEditDropDown()[pri:0, instance:com.SpaSelenium.testScript.HomPageTest@4667ae56]" name="corporateNameEditDropDown" duration-ms="29110" started-at="2019-03-26T01:33:04Z" finished-at="2019-03-26T01:33:33Z">
          <reporter-output>
            <line>
              <![CDATA[Identify the Element in GUI and Stored WebElment ]]>
            </line>
            <line>
              <![CDATA[Create Selecte Class and pass the WebElemnt reffence]]>
            </line>
            <line>
              <![CDATA[Take Help of Select class reffence by using selectByIndex]]>
            </line>
          </reporter-output>
        </test-method> <!-- corporateNameEditDropDown -->
        <test-method status="PASS" signature="postCondition()[pri:0, instance:com.SpaSelenium.testScript.HomPageTest@4667ae56]" name="postCondition" is-config="true" duration-ms="1464" started-at="2019-03-26T01:33:33Z" finished-at="2019-03-26T01:33:34Z">
          <reporter-output>
            <line>
              <![CDATA[click on the logout button]]>
            </line>
          </reporter-output>
        </test-method> <!-- postCondition -->
        <test-method status="PASS" signature="closeToBrowser()[pri:0, instance:com.SpaSelenium.testScript.HomPageTest@4667ae56]" name="closeToBrowser" is-config="true" duration-ms="3577" started-at="2019-03-26T01:33:34Z" finished-at="2019-03-26T01:33:38Z">
          <reporter-output>
            <line>
              <![CDATA[Close the browser]]>
            </line>
          </reporter-output>
        </test-method> <!-- closeToBrowser -->
        <test-method status="PASS" signature="configAS()[pri:0, instance:com.SpaSelenium.testScript.HomPageTest@4667ae56]" name="configAS" is-config="true" duration-ms="0" started-at="2019-03-26T01:34:50Z" finished-at="2019-03-26T01:34:50Z">
          <reporter-output>
            <line>
              <![CDATA[Disconnected to Data Base]]>
            </line>
          </reporter-output>
        </test-method> <!-- configAS -->
      </class> <!-- com.SpaSelenium.testScript.HomPageTest -->
      <class name="com.SpaSelenium.testScript.LoginPageTest">
        <test-method status="PASS" signature="LunchBrowser()[pri:0, instance:com.SpaSelenium.testScript.LoginPageTest@204f30ec]" name="LunchBrowser" is-config="true" duration-ms="14708" started-at="2019-03-26T01:34:16Z" finished-at="2019-03-26T01:34:31Z">
          <reporter-output>
            <line>
              <![CDATA[Get a Url]]>
            </line>
          </reporter-output>
        </test-method> <!-- LunchBrowser -->
        <test-method status="PASS" signature="preCondition()[pri:0, instance:com.SpaSelenium.testScript.LoginPageTest@204f30ec]" name="preCondition" is-config="true" duration-ms="6047" started-at="2019-03-26T01:34:31Z" finished-at="2019-03-26T01:34:37Z">
          <reporter-output>
            <line>
              <![CDATA[Create WebDriverWiat it will wait for Visiable of Element]]>
            </line>
          </reporter-output>
        </test-method> <!-- preCondition -->
        <test-method status="PASS" signature="VerifyPageHomePageTitle()[pri:0, instance:com.SpaSelenium.testScript.LoginPageTest@204f30ec]" name="VerifyPageHomePageTitle" duration-ms="210" started-at="2019-03-26T01:34:37Z" finished-at="2019-03-26T01:34:37Z">
          <reporter-output>
            <line>
              <![CDATA[Get the Title frome HomePage ]]>
            </line>
            <line>
              <![CDATA[To compare to ActualResult and ExpectedResult in Homepaga]]>
            </line>
          </reporter-output>
        </test-method> <!-- VerifyPageHomePageTitle -->
        <test-method status="PASS" signature="postCondition()[pri:0, instance:com.SpaSelenium.testScript.LoginPageTest@204f30ec]" name="postCondition" is-config="true" duration-ms="9876" started-at="2019-03-26T01:34:37Z" finished-at="2019-03-26T01:34:47Z">
          <reporter-output>
            <line>
              <![CDATA[click on the logout button]]>
            </line>
          </reporter-output>
        </test-method> <!-- postCondition -->
        <test-method status="PASS" signature="closeToBrowser()[pri:0, instance:com.SpaSelenium.testScript.LoginPageTest@204f30ec]" name="closeToBrowser" is-config="true" duration-ms="3157" started-at="2019-03-26T01:34:47Z" finished-at="2019-03-26T01:34:50Z">
          <reporter-output>
            <line>
              <![CDATA[Close the browser]]>
            </line>
          </reporter-output>
        </test-method> <!-- closeToBrowser -->
      </class> <!-- com.SpaSelenium.testScript.LoginPageTest -->
    </test> <!-- Test -->
  </suite> <!-- Suite -->
</testng-results>
