<?xml version="1.0" encoding="UTF-8"?>
<testng-results skipped="0" failed="0" ignored="0" total="1" passed="1">
  <reporter-output>
  </reporter-output>
  <suite name="Default suite" duration-ms="46660" started-at="2019-03-09T14:41:06Z" finished-at="2019-03-09T14:41:53Z">
    <groups>
    </groups>
    <test name="Default test" duration-ms="46660" started-at="2019-03-09T14:41:06Z" finished-at="2019-03-09T14:41:53Z">
      <class name="com.actitime.testScript.LoginPage">
        <test-method status="PASS" signature="configBS()[pri:0, instance:com.actitime.testScript.LoginPage@7cd62f43]" name="configBS" is-config="true" duration-ms="47" started-at="2019-03-09T14:41:06Z" finished-at="2019-03-09T14:41:06Z">
          <reporter-output>
          </reporter-output>
        </test-method> <!-- configBS -->
        <test-method status="PASS" signature="LunchBrowser()[pri:0, instance:com.actitime.testScript.LoginPage@7cd62f43]" name="LunchBrowser" is-config="true" duration-ms="7701" started-at="2019-03-09T14:41:06Z" finished-at="2019-03-09T14:41:14Z">
          <reporter-output>
          </reporter-output>
        </test-method> <!-- LunchBrowser -->
        <test-method status="PASS" signature="preCondition()[pri:0, instance:com.actitime.testScript.LoginPage@7cd62f43]" name="preCondition" is-config="true" duration-ms="29985" started-at="2019-03-09T14:41:14Z" finished-at="2019-03-09T14:41:44Z">
          <reporter-output>
          </reporter-output>
        </test-method> <!-- preCondition -->
        <test-method status="PASS" signature="VerifyPageHomePageTitle()[pri:0, instance:com.actitime.testScript.LoginPage@7cd62f43]" name="VerifyPageHomePageTitle" duration-ms="3324" started-at="2019-03-09T14:41:44Z" finished-at="2019-03-09T14:41:47Z">
          <reporter-output>
          </reporter-output>
        </test-method> <!-- VerifyPageHomePageTitle -->
        <test-method status="PASS" signature="postCondition()[pri:0, instance:com.actitime.testScript.LoginPage@7cd62f43]" name="postCondition" is-config="true" duration-ms="4948" started-at="2019-03-09T14:41:47Z" finished-at="2019-03-09T14:41:52Z">
          <reporter-output>
          </reporter-output>
        </test-method> <!-- postCondition -->
        <test-method status="PASS" signature="closeToBrowser()[pri:0, instance:com.actitime.testScript.LoginPage@7cd62f43]" name="closeToBrowser" is-config="true" duration-ms="591" started-at="2019-03-09T14:41:52Z" finished-at="2019-03-09T14:41:53Z">
          <reporter-output>
          </reporter-output>
        </test-method> <!-- closeToBrowser -->
        <test-method status="PASS" signature="configAS()[pri:0, instance:com.actitime.testScript.LoginPage@7cd62f43]" name="configAS" is-config="true" duration-ms="0" started-at="2019-03-09T14:41:53Z" finished-at="2019-03-09T14:41:53Z">
          <reporter-output>
          </reporter-output>
        </test-method> <!-- configAS -->
      </class> <!-- com.actitime.testScript.LoginPage -->
    </test> <!-- Default test -->
  </suite> <!-- Default suite -->
</testng-results>
